
> prepare
> npm run test


> pretest
> npm run build:main && npm run build:loose


> build:main
> rollup -c acorn/rollup.config.js

'rollup' is not recognized as an internal or external command,
operable program or batch file.
npm ERR! code 1
npm ERR! path C:\Mahir\VT\Research\npm-package-coupling\sources\dataset\acorn
npm ERR! command failed
npm ERR! command C:\WINDOWS\system32\cmd.exe /d /s /c rollup -c acorn/rollup.config.js

npm ERR! A complete log of this run can be found in:
npm ERR!     C:\Users\asefk\AppData\Local\npm-cache\_logs\2021-03-20T22_31_16_297Z-debug.log
npm ERR! code 1
npm ERR! path C:\Mahir\VT\Research\npm-package-coupling\sources\dataset\acorn
npm ERR! command failed
npm ERR! command C:\WINDOWS\system32\cmd.exe /d /s /c npm run build:main && npm run build:loose

npm ERR! A complete log of this run can be found in:
npm ERR!     C:\Users\asefk\AppData\Local\npm-cache\_logs\2021-03-20T22_31_16_326Z-debug.log
npm ERR! code 1
npm ERR! path C:\Mahir\VT\Research\npm-package-coupling\sources\dataset\acorn
npm ERR! command failed
npm ERR! command C:\WINDOWS\system32\cmd.exe /d /s /c npm run test

npm ERR! A complete log of this run can be found in:
npm ERR!     C:\Users\asefk\AppData\Local\npm-cache\_logs\2021-03-20T22_31_16_352Z-debug.log
