
> ajv@7.2.3 prepublish
> npm run build


> ajv@7.2.3 build
> rm -rf dist && tsc && cp -r lib/refs dist && rm dist/refs/json-schema-2019-09/index.ts && rm dist/refs/jtd-schema.ts

'rm' is not recognized as an internal or external command,
operable program or batch file.
npm ERR! code 1
npm ERR! path C:\Mahir\VT\Research\npm-package-coupling\sources\dataset\ajv
npm ERR! command failed
npm ERR! command C:\WINDOWS\system32\cmd.exe /d /s /c rm -rf dist && tsc && cp -r lib/refs dist && rm dist/refs/json-schema-2019-09/index.ts && rm dist/refs/jtd-schema.ts

npm ERR! A complete log of this run can be found in:
npm ERR!     C:\Users\asefk\AppData\Local\npm-cache\_logs\2021-03-21T01_54_46_196Z-debug.log
npm ERR! code 1
npm ERR! path C:\Mahir\VT\Research\npm-package-coupling\sources\dataset\ajv
npm ERR! command failed
npm ERR! command C:\WINDOWS\system32\cmd.exe /d /s /c npm run build

npm ERR! A complete log of this run can be found in:
npm ERR!     C:\Users\asefk\AppData\Local\npm-cache\_logs\2021-03-21T01_54_46_228Z-debug.log
